<?xml version="1.0" encoding="UTF-8"?>
<!-- Generated by org.testng.reporters.JUnitXMLReporter -->
<testsuite ignored="0" hostname="DESKTOP-C4MOHRM" failures="0" tests="3" name="Surefire test" time="40.925" errors="0" timestamp="2025-07-14T11:28:04 IST">
  <testcase classname="Testcases.FlipkartResultTest" name="searchmobile" time="17.381"/>
  <testcase classname="Testcases.FlipkartResultTest" name="resultclick" time="0.603"/>
  <testcase classname="io.cucumber.testng.AbstractTestNGCucumberTests" name="runScenario" time="19.229"/>
</testsuite> <!-- Surefire test -->
