<?xml version="1.0" encoding="UTF-8"?>
<testng-results ignored="0" total="3" passed="3" failed="0" skipped="0">
  <reporter-output>
  </reporter-output>
  <suite started-at="2025-07-14T11:27:23 IST" name="Surefire suite" finished-at="2025-07-14T11:28:04 IST" duration-ms="40925">
    <groups>
      <group name="cucumber">
        <method signature="AbstractTestNGCucumberTests.runScenario(io.cucumber.testng.PickleWrapper,io.cucumber.testng.FeatureWrapper)[pri:0, instance:TestRunner.TestRunner@79351f41]" name="runScenario" class="io.cucumber.testng.AbstractTestNGCucumberTests"/>
      </group> <!-- cucumber -->
    </groups>
    <test started-at="2025-07-14T11:27:23 IST" name="Surefire test" finished-at="2025-07-14T11:28:04 IST" duration-ms="40925">
      <class name="Testcases.FlipkartResultTest">
        <test-method is-config="true" signature="openapp()[pri:0, instance:Testcases.FlipkartResultTest@3d2ee678]" started-at="2025-07-14T11:27:23 IST" name="openapp" finished-at="2025-07-14T11:27:26 IST" duration-ms="2896" status="PASS">
          <reporter-output>
          </reporter-output>
        </test-method> <!-- openapp -->
        <test-method signature="searchmobile()[pri:1, instance:Testcases.FlipkartResultTest@3d2ee678]" started-at="2025-07-14T11:27:26 IST" name="searchmobile" finished-at="2025-07-14T11:27:44 IST" duration-ms="17381" status="PASS">
          <reporter-output>
          </reporter-output>
        </test-method> <!-- searchmobile -->
        <test-method signature="resultclick()[pri:2, instance:Testcases.FlipkartResultTest@3d2ee678]" started-at="2025-07-14T11:27:44 IST" name="resultclick" finished-at="2025-07-14T11:27:44 IST" duration-ms="603" status="PASS">
          <reporter-output>
          </reporter-output>
        </test-method> <!-- resultclick -->
        <test-method is-config="true" signature="closeapp()[pri:0, instance:Testcases.FlipkartResultTest@3d2ee678]" started-at="2025-07-14T11:28:04 IST" name="closeapp" finished-at="2025-07-14T11:28:04 IST" duration-ms="7" status="PASS">
          <reporter-output>
          </reporter-output>
        </test-method> <!-- closeapp -->
      </class> <!-- Testcases.FlipkartResultTest -->
      <class name="TestRunner.TestRunner">
        <test-method is-config="true" signature="setUpClass(org.testng.ITestContext)[pri:0, instance:TestRunner.TestRunner@79351f41]" started-at="2025-07-14T11:27:44 IST" name="setUpClass" finished-at="2025-07-14T11:27:45 IST" duration-ms="687" status="PASS">
          <params>
            <param index="0">
              <value>
                <![CDATA[org.testng.TestRunner@63d677f5]]>
              </value>
            </param>
          </params>
          <reporter-output>
          </reporter-output>
        </test-method> <!-- setUpClass -->
        <test-method signature="runScenario(io.cucumber.testng.PickleWrapper,io.cucumber.testng.FeatureWrapper)[pri:0, instance:TestRunner.TestRunner@79351f41]" started-at="2025-07-14T11:27:45 IST" name="runScenario" description="Runs Cucumber Scenarios" data-provider="scenarios" finished-at="2025-07-14T11:28:04 IST" duration-ms="19229" status="PASS">
          <params>
            <param index="0">
              <value>
                <![CDATA["To validate the search functianlity"]]>
              </value>
            </param>
            <param index="1">
              <value>
                <![CDATA["To validate the Flipkart functionality"]]>
              </value>
            </param>
          </params>
          <reporter-output>
          </reporter-output>
        </test-method> <!-- runScenario -->
        <test-method is-config="true" signature="tearDownClass()[pri:0, instance:TestRunner.TestRunner@79351f41]" started-at="2025-07-14T11:28:04 IST" name="tearDownClass" finished-at="2025-07-14T11:28:04 IST" duration-ms="49" status="PASS">
          <reporter-output>
          </reporter-output>
        </test-method> <!-- tearDownClass -->
      </class> <!-- TestRunner.TestRunner -->
    </test> <!-- Surefire test -->
  </suite> <!-- Surefire suite -->
</testng-results>
