<?xml version="1.0" encoding="UTF-8"?>
<testsuite xmlns:xsi="http://www.w3.org/2001/XMLSchema-instance" xsi:noNamespaceSchemaLocation="https://maven.apache.org/surefire/maven-surefire-plugin/xsd/surefire-test-report-3.0.xsd" version="3.0" name="TestSuite" time="42.101" tests="3" errors="0" skipped="0" failures="0">
  <properties>
[...]
</properties>
  <testcase name="searchmobile" classname="Testcases.FlipkartResultTest" time="17.374">
    <system-out><![CDATA[11:27:23.722 [main] INFO  Baseclass.libarrayclass - Read Property file
11:27:23.726 [main] INFO  Baseclass.libarrayclass - Launching browser...
11:27:24.348 [main] DEBUG io.netty.util.internal.logging.InternalLoggerFactory - Using Log4J2 as the default logging framework
11:27:24.357 [main] DEBUG io.netty.util.ResourceLeakDetector - -Dio.netty.leakDetection.level: simple
11:27:24.357 [main] DEBUG io.netty.util.ResourceLeakDetector - -Dio.netty.leakDetection.targetRecords: 4
11:27:24.361 [main] DEBUG io.netty.util.ResourceLeakDetectorFactory - Loaded default ResourceLeakDetector: io.netty.util.ResourceLeakDetector@278f8425
11:27:24.379 [main] DEBUG io.netty.util.internal.PlatformDependent0 - -Dio.netty.noUnsafe: false
11:27:24.381 [main] DEBUG io.netty.util.internal.PlatformDependent0 - Java version: 17
11:27:24.382 [main] DEBUG io.netty.util.internal.PlatformDependent0 - sun.misc.Unsafe.theUnsafe: available
11:27:24.383 [main] DEBUG io.netty.util.internal.PlatformDependent0 - sun.misc.Unsafe.copyMemory: available
11:27:24.383 [main] DEBUG io.netty.util.internal.PlatformDependent0 - sun.misc.Unsafe.storeFence: available
11:27:24.384 [main] DEBUG io.netty.util.internal.PlatformDependent0 - java.nio.Buffer.address: available
11:27:24.384 [main] DEBUG io.netty.util.internal.PlatformDependent0 - direct buffer constructor: unavailable: Reflective setAccessible(true) disabled
11:27:24.385 [main] DEBUG io.netty.util.internal.PlatformDependent0 - java.nio.Bits.unaligned: available, true
11:27:24.386 [main] DEBUG io.netty.util.internal.PlatformDependent0 - jdk.internal.misc.Unsafe.allocateUninitializedArray(int): unavailable: class io.netty.util.internal.PlatformDependent0$7 cannot access class jdk.internal.misc.Unsafe (in module java.base) because module java.base does not export jdk.internal.misc to unnamed module @4d1b0d2a
11:27:24.388 [main] DEBUG io.netty.util.internal.PlatformDependent0 - java.nio.DirectByteBuffer.<init>(long, {int,long}): unavailable
11:27:24.388 [main] DEBUG io.netty.util.internal.PlatformDependent - sun.misc.Unsafe: available
11:27:24.389 [main] DEBUG io.netty.util.internal.PlatformDependent - maxDirectMemory: 4271898624 bytes (maybe)
11:27:24.391 [main] DEBUG io.netty.util.internal.PlatformDependent - -Dio.netty.tmpdir: C:\Users\C2TA\AppData\Local\Temp (java.io.tmpdir)
11:27:24.392 [main] DEBUG io.netty.util.internal.PlatformDependent - -Dio.netty.bitMode: 64 (sun.arch.data.model)
11:27:24.392 [main] DEBUG io.netty.util.internal.PlatformDependent - Platform: Windows
11:27:24.393 [main] DEBUG io.netty.util.internal.PlatformDependent - -Dio.netty.maxDirectMemory: -1 bytes
11:27:24.393 [main] DEBUG io.netty.util.internal.PlatformDependent - -Dio.netty.uninitializedArrayAllocationThreshold: -1
11:27:24.394 [main] DEBUG io.netty.util.internal.CleanerJava9 - java.nio.ByteBuffer.cleaner(): available
11:27:24.394 [main] DEBUG io.netty.util.internal.PlatformDependent - -Dio.netty.noPreferDirect: false
11:27:24.401 [main] DEBUG io.netty.util.internal.PlatformDependent - org.jctools-core.MpscChunkedArrayQueue: available
11:27:24.423 [main] DEBUG io.netty.util.internal.InternalThreadLocalMap - -Dio.netty.threadLocalMap.stringBuilder.initialSize: 1024
11:27:24.424 [main] DEBUG io.netty.util.internal.InternalThreadLocalMap - -Dio.netty.threadLocalMap.stringBuilder.maxSize: 4096
11:27:24.594 [main] DEBUG io.netty.handler.ssl.JdkSslContext - Default protocols (JDK): [TLSv1.3, TLSv1.2] 
11:27:24.594 [main] DEBUG io.netty.handler.ssl.JdkSslContext - Default cipher suites (JDK): [TLS_ECDHE_ECDSA_WITH_AES_256_GCM_SHA384, TLS_ECDHE_ECDSA_WITH_AES_128_GCM_SHA256, TLS_ECDHE_RSA_WITH_AES_128_GCM_SHA256, TLS_ECDHE_RSA_WITH_AES_256_GCM_SHA384, TLS_ECDHE_RSA_WITH_AES_128_CBC_SHA, TLS_ECDHE_RSA_WITH_AES_256_CBC_SHA, TLS_RSA_WITH_AES_128_GCM_SHA256, TLS_RSA_WITH_AES_128_CBC_SHA, TLS_RSA_WITH_AES_256_CBC_SHA, TLS_AES_128_GCM_SHA256, TLS_AES_256_GCM_SHA384]
11:27:24.607 [main] DEBUG io.netty.util.concurrent.GlobalEventExecutor - -Dio.netty.globalEventExecutor.quietPeriodSeconds: 1
11:27:24.622 [main] DEBUG io.netty.channel.MultithreadEventLoopGroup - -Dio.netty.eventLoopThreads: 12
11:27:24.633 [main] DEBUG io.netty.channel.nio.NioEventLoop - -Dio.netty.noKeySetOptimization: false
11:27:24.633 [main] DEBUG io.netty.channel.nio.NioEventLoop - -Dio.netty.selectorAutoRebuildThreshold: 512
11:27:24.676 [main] DEBUG io.netty.buffer.PooledByteBufAllocator - -Dio.netty.allocator.numHeapArenas: 12
11:27:24.676 [main] DEBUG io.netty.buffer.PooledByteBufAllocator - -Dio.netty.allocator.numDirectArenas: 12
11:27:24.677 [main] DEBUG io.netty.buffer.PooledByteBufAllocator - -Dio.netty.allocator.pageSize: 8192
11:27:24.677 [main] DEBUG io.netty.buffer.PooledByteBufAllocator - -Dio.netty.allocator.maxOrder: 9
11:27:24.677 [main] DEBUG io.netty.buffer.PooledByteBufAllocator - -Dio.netty.allocator.chunkSize: 4194304
11:27:24.677 [main] DEBUG io.netty.buffer.PooledByteBufAllocator - -Dio.netty.allocator.smallCacheSize: 256
11:27:24.677 [main] DEBUG io.netty.buffer.PooledByteBufAllocator - -Dio.netty.allocator.normalCacheSize: 64
11:27:24.677 [main] DEBUG io.netty.buffer.PooledByteBufAllocator - -Dio.netty.allocator.maxCachedBufferCapacity: 32768
11:27:24.677 [main] DEBUG io.netty.buffer.PooledByteBufAllocator - -Dio.netty.allocator.cacheTrimInterval: 8192
11:27:24.678 [main] DEBUG io.netty.buffer.PooledByteBufAllocator - -Dio.netty.allocator.cacheTrimIntervalMillis: 0
11:27:24.678 [main] DEBUG io.netty.buffer.PooledByteBufAllocator - -Dio.netty.allocator.useCacheForAllThreads: false
11:27:24.678 [main] DEBUG io.netty.buffer.PooledByteBufAllocator - -Dio.netty.allocator.maxCachedByteBuffersPerChunk: 1023
11:27:24.697 [main] DEBUG io.netty.buffer.ByteBufUtil - -Dio.netty.allocator.type: pooled
11:27:24.699 [main] DEBUG io.netty.buffer.ByteBufUtil - -Dio.netty.threadLocalDirectBufferSize: 0
11:27:24.701 [main] DEBUG io.netty.buffer.ByteBufUtil - -Dio.netty.maxThreadLocalCharBufferSize: 16384
11:27:25.066 [Forwarding newSession on session null to remote] DEBUG io.netty.channel.DefaultChannelId - -Dio.netty.processId: 10576 (auto-detected)
11:27:25.068 [Forwarding newSession on session null to remote] DEBUG io.netty.util.NetUtil - -Djava.net.preferIPv4Stack: false
11:27:25.068 [Forwarding newSession on session null to remote] DEBUG io.netty.util.NetUtil - -Djava.net.preferIPv6Addresses: false
11:27:25.078 [Forwarding newSession on session null to remote] DEBUG io.netty.util.NetUtilInitializations - Loopback interface: lo (Software Loopback Interface 1, 127.0.0.1)
11:27:25.079 [Forwarding newSession on session null to remote] DEBUG io.netty.util.NetUtil - Failed to get SOMAXCONN from sysctl and file \proc\sys\net\core\somaxconn. Default: 200
11:27:25.096 [Forwarding newSession on session null to remote] DEBUG io.netty.channel.DefaultChannelId - -Dio.netty.machineId: 00:e0:4f:ff:fe:19:c6:f6 (auto-detected)
11:27:25.145 [AsyncHttpClient-1-2] DEBUG io.netty.buffer.AbstractByteBuf - -Dio.netty.buffer.checkAccessible: true
11:27:25.145 [AsyncHttpClient-1-2] DEBUG io.netty.buffer.AbstractByteBuf - -Dio.netty.buffer.checkBounds: true
11:27:25.145 [AsyncHttpClient-1-2] DEBUG io.netty.util.ResourceLeakDetectorFactory - Loaded default ResourceLeakDetector: io.netty.util.ResourceLeakDetector@5ef8d664
11:27:25.182 [AsyncHttpClient-1-2] DEBUG io.netty.util.Recycler - -Dio.netty.recycler.maxCapacityPerThread: 4096
11:27:25.182 [AsyncHttpClient-1-2] DEBUG io.netty.util.Recycler - -Dio.netty.recycler.ratio: 8
11:27:25.182 [AsyncHttpClient-1-2] DEBUG io.netty.util.Recycler - -Dio.netty.recycler.chunkSize: 32
11:27:25.183 [AsyncHttpClient-1-2] DEBUG io.netty.util.Recycler - -Dio.netty.recycler.blocking: false
11:27:25.183 [AsyncHttpClient-1-2] DEBUG io.netty.util.Recycler - -Dio.netty.recycler.batchFastThreadLocalOnly: true
11:27:25.948 [AsyncHttpClient-1-2] DEBUG io.netty.handler.codec.compression.Brotli - brotli4j not in the classpath; Brotli support will be unavailable.
11:27:26.133 [main] DEBUG io.netty.util.internal.ThreadLocalRandom - -Dio.netty.initialSeedUniquifier: 0x120cbee74f857162
11:27:26.175 [main] INFO  Baseclass.libarrayclass - Launching Chrome browser...
11:27:26.231 [main] INFO  Baseclass.libarrayclass - Maximixing the browser
11:27:26.549 [main] INFO  Baseclass.libarrayclass - Naivagated to url
]]></system-out>
    <system-err><![CDATA[SLF4J: Failed to load class "org.slf4j.impl.StaticLoggerBinder".
SLF4J: Defaulting to no-operation (NOP) logger implementation
SLF4J: See http://www.slf4j.org/codes.html#StaticLoggerBinder for further details.
Jul 14, 2025 11:27:26 AM org.openqa.selenium.devtools.CdpVersionFinder findNearestMatch
WARNING: Unable to find CDP implementation matching 138
Jul 14, 2025 11:27:26 AM org.openqa.selenium.chromium.ChromiumDriver lambda$new$5
WARNING: Unable to find version of CDP to use for 138.0.7204.101. You may need to include a dependency on a specific version of the CDP using something similar to `org.seleniumhq.selenium:selenium-devtools-v86:4.12.1` where the version ("v86") matches the version of the chromium-based browser you're using and the version number of the artifact is the same as Selenium's.
]]></system-err>
  </testcase>
  <testcase name="resultclick" classname="Testcases.FlipkartResultTest" time="0.603"/>
  <testcase name="runScenario[&quot;To validate the search functianlity&quot;, &quot;To validate the Flipkart functionality&quot;](1)" classname="TestRunner.TestRunner" time="19.237">
    <system-out><![CDATA[
Scenario: To validate the search functianlity &amp#27;[90m# src/test/resources/Features/flipkart.feature:3&amp#27;[0m
11:27:45.525 [main] INFO  Baseclass.libarrayclass - Read Property file
11:27:45.529 [main] INFO  Baseclass.libarrayclass - Launching browser...
11:27:46.833 [main] INFO  Baseclass.libarrayclass - Launching Chrome browser...
11:27:47.004 [main] INFO  Baseclass.libarrayclass - Maximixing the browser
11:27:51.583 [main] INFO  Baseclass.libarrayclass - Naivagated to url
11:27:51.584 [main] INFO  Baseclass.libarrayclass - Application Launched
  &amp#27;[32mGiven &amp#27;[0m&amp#27;[32mTo launch the browser and enter url&amp#27;[0m   &amp#27;[90m# Stepdefinitions.FilpkartSearchteststeps.to_launch_the_browser_and_enter_url()&amp#27;[0m
11:28:01.762 [main] INFO  Baseclass.libarrayclass - Searched Mobiles
11:28:04.169 [main] INFO  Baseclass.libarrayclass - Clicked Search
  &amp#27;[32mWhen &amp#27;[0m&amp#27;[32mEnter text in the Search field&amp#27;[0m         &amp#27;[90m# Stepdefinitions.FilpkartSearchteststeps.enter_text_in_the_search_field()&amp#27;[0m
Mobiles- Buy Products Online at Best Price in India - All Categories | Flipkart.com
11:28:04.199 [main] INFO  Baseclass.libarrayclass - Naviagted to result page
  &amp#27;[32mThen &amp#27;[0m&amp#27;[32mSearch result should get displayed&amp#27;[0m     &amp#27;[90m# Stepdefinitions.FilpkartSearchteststeps.search_result_should_get_displayed()&amp#27;[0m
11:28:04.371 [main] INFO  Baseclass.libarrayclass - Took screenshot
11:28:04.554 [main] INFO  Baseclass.libarrayclass - Closed Browser
11:28:04.554 [main] INFO  Baseclass.libarrayclass - Closed Browser
  &amp#27;[32mAnd &amp#27;[0m&amp#27;[32mTake screenshot and close browser&amp#27;[0m       &amp#27;[90m# Stepdefinitions.FilpkartSearchteststeps.take_screenshot_and_close_browser()&amp#27;[0m
]]></system-out>
    <system-err><![CDATA[Jul 14, 2025 11:27:46 AM org.openqa.selenium.devtools.CdpVersionFinder findNearestMatch
WARNING: Unable to find CDP implementation matching 138
Jul 14, 2025 11:27:46 AM org.openqa.selenium.chromium.ChromiumDriver lambda$new$5
WARNING: Unable to find version of CDP to use for 138.0.7204.101. You may need to include a dependency on a specific version of the CDP using something similar to `org.seleniumhq.selenium:selenium-devtools-v86:4.12.1` where the version ("v86") matches the version of the chromium-based browser you're using and the version number of the artifact is the same as Selenium's.
]]></system-err>
  </testcase>
</testsuite>