<?xml version="1.0" encoding="UTF-8"?>
<testng-results ignored="0" total="1" passed="1" failed="0" skipped="0">
  <reporter-output>
  </reporter-output>
  <suite started-at="2025-08-11T11:43:14 IST" name="Default suite" finished-at="2025-08-11T11:43:44 IST" duration-ms="30049">
    <groups>
    </groups>
    <test started-at="2025-08-11T11:43:14 IST" name="Default test" finished-at="2025-08-11T11:43:44 IST" duration-ms="30049">
      <class name="Testcases.Flipkarttest">
        <test-method signature="runOnSauceLabs()[pri:0, instance:Testcases.Flipkarttest@543295b0]" started-at="2025-08-11T11:43:14 IST" name="runOnSauceLabs" finished-at="2025-08-11T11:43:44 IST" duration-ms="29996" status="PASS">
          <reporter-output>
          </reporter-output>
        </test-method> <!-- runOnSauceLabs -->
      </class> <!-- Testcases.Flipkarttest -->
    </test> <!-- Default test -->
  </suite> <!-- Default suite -->
</testng-results>
